<?xml version="1.0" encoding="UTF-8" ?>
<testsuite failures="0" time="0.219" errors="0" skipped="0" tests="3" name="com.sstorage.captcha.test.TestCalculate">
  <properties>
[...]
</properties>
  <testcase time="0.125" classname="com.sstorage.captcha.test.TestCalculate" name="testCalculateEnum"/>
  <testcase time="0.016" classname="com.sstorage.captcha.test.TestCalculate" name="testDivide"/>
  <testcase time="0.078" classname="com.sstorage.captcha.test.TestCalculate" name="testGenerateImage"/>
</testsuite>